Determining if the pthread_create exist failed with the following output:
Change Dir: /home/vinicius-pc/catkin_ws/build/CMakeFiles/CMakeTmp

Run Build Command:"/usr/bin/make" "cmTC_c3273/fast"
/usr/bin/make -f CMakeFiles/cmTC_c3273.dir/build.make CMakeFiles/cmTC_c3273.dir/build
make[1]: Entering directory '/home/vinicius-pc/catkin_ws/build/CMakeFiles/CMakeTmp'
Building C object CMakeFiles/cmTC_c3273.dir/CheckSymbolExists.c.o
/usr/bin/cc     -o CMakeFiles/cmTC_c3273.dir/CheckSymbolExists.c.o   -c /home/vinicius-pc/catkin_ws/build/CMakeFiles/CMakeTmp/CheckSymbolExists.c
Linking C executable cmTC_c3273
/usr/bin/cmake -E cmake_link_script CMakeFiles/cmTC_c3273.dir/link.txt --verbose=1
/usr/bin/cc       CMakeFiles/cmTC_c3273.dir/CheckSymbolExists.c.o  -o cmTC_c3273 -rdynamic 
CMakeFiles/cmTC_c3273.dir/CheckSymbolExists.c.o: na função `main':
CheckSymbolExists.c:(.text+0x16): referência indefinida para `pthread_create'
collect2: error: ld returned 1 exit status
CMakeFiles/cmTC_c3273.dir/build.make:97: recipe for target 'cmTC_c3273' failed
make[1]: *** [cmTC_c3273] Error 1
make[1]: Leaving directory '/home/vinicius-pc/catkin_ws/build/CMakeFiles/CMakeTmp'
Makefile:126: recipe for target 'cmTC_c3273/fast' failed
make: *** [cmTC_c3273/fast] Error 2

File /home/vinicius-pc/catkin_ws/build/CMakeFiles/CMakeTmp/CheckSymbolExists.c:
/* */
#include <pthread.h>

int main(int argc, char** argv)
{
  (void)argv;
#ifndef pthread_create
  return ((int*)(&pthread_create))[argc];
#else
  (void)argc;
  return 0;
#endif
}

Determining if the function pthread_create exists in the pthreads failed with the following output:
Change Dir: /home/vinicius-pc/catkin_ws/build/CMakeFiles/CMakeTmp

Run Build Command:"/usr/bin/make" "cmTC_1aa64/fast"
/usr/bin/make -f CMakeFiles/cmTC_1aa64.dir/build.make CMakeFiles/cmTC_1aa64.dir/build
make[1]: Entering directory '/home/vinicius-pc/catkin_ws/build/CMakeFiles/CMakeTmp'
Building C object CMakeFiles/cmTC_1aa64.dir/CheckFunctionExists.c.o
/usr/bin/cc    -DCHECK_FUNCTION_EXISTS=pthread_create   -o CMakeFiles/cmTC_1aa64.dir/CheckFunctionExists.c.o   -c /usr/share/cmake-3.5/Modules/CheckFunctionExists.c
Linking C executable cmTC_1aa64
/usr/bin/cmake -E cmake_link_script CMakeFiles/cmTC_1aa64.dir/link.txt --verbose=1
/usr/bin/cc   -DCHECK_FUNCTION_EXISTS=pthread_create    CMakeFiles/cmTC_1aa64.dir/CheckFunctionExists.c.o  -o cmTC_1aa64 -rdynamic -lpthreads 
/usr/bin/ld: não foi possível encontrar -lpthreads
collect2: error: ld returned 1 exit status
CMakeFiles/cmTC_1aa64.dir/build.make:97: recipe for target 'cmTC_1aa64' failed
make[1]: *** [cmTC_1aa64] Error 1
make[1]: Leaving directory '/home/vinicius-pc/catkin_ws/build/CMakeFiles/CMakeTmp'
Makefile:126: recipe for target 'cmTC_1aa64/fast' failed
make: *** [cmTC_1aa64/fast] Error 2


