Determining if the pthread_create exist failed with the following output:
Change Dir: /home/vinicius-pc/catkin_ws/src/beginner_tutorials/build/CMakeFiles/CMakeTmp

Run Build Command:"/usr/bin/make" "cmTC_060a5/fast"
/usr/bin/make -f CMakeFiles/cmTC_060a5.dir/build.make CMakeFiles/cmTC_060a5.dir/build
make[1]: Entering directory '/home/vinicius-pc/catkin_ws/src/beginner_tutorials/build/CMakeFiles/CMakeTmp'
Building C object CMakeFiles/cmTC_060a5.dir/CheckSymbolExists.c.o
/usr/bin/cc     -o CMakeFiles/cmTC_060a5.dir/CheckSymbolExists.c.o   -c /home/vinicius-pc/catkin_ws/src/beginner_tutorials/build/CMakeFiles/CMakeTmp/CheckSymbolExists.c
Linking C executable cmTC_060a5
/usr/bin/cmake -E cmake_link_script CMakeFiles/cmTC_060a5.dir/link.txt --verbose=1
/usr/bin/cc       CMakeFiles/cmTC_060a5.dir/CheckSymbolExists.c.o  -o cmTC_060a5 -rdynamic 
CMakeFiles/cmTC_060a5.dir/CheckSymbolExists.c.o: na função `main':
CheckSymbolExists.c:(.text+0x16): referência indefinida para `pthread_create'
collect2: error: ld returned 1 exit status
CMakeFiles/cmTC_060a5.dir/build.make:97: recipe for target 'cmTC_060a5' failed
make[1]: *** [cmTC_060a5] Error 1
make[1]: Leaving directory '/home/vinicius-pc/catkin_ws/src/beginner_tutorials/build/CMakeFiles/CMakeTmp'
Makefile:126: recipe for target 'cmTC_060a5/fast' failed
make: *** [cmTC_060a5/fast] Error 2

File /home/vinicius-pc/catkin_ws/src/beginner_tutorials/build/CMakeFiles/CMakeTmp/CheckSymbolExists.c:
/* */
#include <pthread.h>

int main(int argc, char** argv)
{
  (void)argv;
#ifndef pthread_create
  return ((int*)(&pthread_create))[argc];
#else
  (void)argc;
  return 0;
#endif
}

Determining if the function pthread_create exists in the pthreads failed with the following output:
Change Dir: /home/vinicius-pc/catkin_ws/src/beginner_tutorials/build/CMakeFiles/CMakeTmp

Run Build Command:"/usr/bin/make" "cmTC_ca21c/fast"
/usr/bin/make -f CMakeFiles/cmTC_ca21c.dir/build.make CMakeFiles/cmTC_ca21c.dir/build
make[1]: Entering directory '/home/vinicius-pc/catkin_ws/src/beginner_tutorials/build/CMakeFiles/CMakeTmp'
Building C object CMakeFiles/cmTC_ca21c.dir/CheckFunctionExists.c.o
/usr/bin/cc    -DCHECK_FUNCTION_EXISTS=pthread_create   -o CMakeFiles/cmTC_ca21c.dir/CheckFunctionExists.c.o   -c /usr/share/cmake-3.5/Modules/CheckFunctionExists.c
Linking C executable cmTC_ca21c
/usr/bin/cmake -E cmake_link_script CMakeFiles/cmTC_ca21c.dir/link.txt --verbose=1
/usr/bin/cc   -DCHECK_FUNCTION_EXISTS=pthread_create    CMakeFiles/cmTC_ca21c.dir/CheckFunctionExists.c.o  -o cmTC_ca21c -rdynamic -lpthreads 
/usr/bin/ld: não foi possível encontrar -lpthreads
collect2: error: ld returned 1 exit status
CMakeFiles/cmTC_ca21c.dir/build.make:97: recipe for target 'cmTC_ca21c' failed
make[1]: *** [cmTC_ca21c] Error 1
make[1]: Leaving directory '/home/vinicius-pc/catkin_ws/src/beginner_tutorials/build/CMakeFiles/CMakeTmp'
Makefile:126: recipe for target 'cmTC_ca21c/fast' failed
make: *** [cmTC_ca21c/fast] Error 2


